panic: pebble: closed

goroutine 219 [running]:
github.com/cockroachdb/pebble.(*DB).applyInternal(0xc004e76000?, 0xc000783b80?, 0x8?, 0x2?)
	C:/Users/Developer/go/pkg/mod/github.com/cockroachdb/pebble@v1.1.5/db.go:805 +0x3f8
github.com/cockroachdb/pebble.(*DB).Apply(...)
	C:/Users/Developer/go/pkg/mod/github.com/cockroachdb/pebble@v1.1.5/db.go:780
github.com/cockroachdb/pebble.(*DB).Set(0xc00002c488, {0xc000783b80, 0x8, 0x8}, {0xc000783ba0, 0x8, 0x8}, 0x7ff7eb33dbc8)
	C:/Users/Developer/go/pkg/mod/github.com/cockroachdb/pebble@v1.1.5/db.go:609 +0xe7
dxcluster/spot.(*CustomSCPStore).persistStaticLocked(0xc000231c70, {0xc004456ae0?, 0xc004456ae0?}, 0x6?)
	C:/src/gocluster/spot/custom_scp_store.go:710 +0x98
dxcluster/spot.(*CustomSCPStore).recordObservation(0xc000231c70, {0xc004456ae0?, 0x7ff7e99d0a8d?}, {0x7ff7ea8d26c7, 0x3}, {0xc0039b5f78, 0x3}, {0xc002491f10, 0x8}, 0x58, ...)
	C:/src/gocluster/spot/custom_scp_store.go:411 +0x84a
dxcluster/spot.(*CustomSCPStore).RecordSpot(0xc000231c70, 0xc01d903608)
	C:/src/gocluster/spot/custom_scp_store.go:353 +0x485
main.recordRecentBandObservation(_, {_, _}, _, {0x1, {0x0, 0x0, 0x0}, {0x2, {0x1, ...}, ...}, ...})
	C:/src/gocluster/main.go:2449 +0x65
main.(*outputPipeline).resolveDeliveryPlan(0xc004fbc008, 0xc0171fce40)
	C:/src/gocluster/output_pipeline_delivery.go:244 +0x707
main.(*outputPipeline).deliverSpot(0xc004fbc008, 0xc0171fce40)
	C:/src/gocluster/output_pipeline_delivery.go:164 +0x78
main.(*outputPipeline).releaseDueFT(0xc004fbc008, {0xc00078508c?, 0x0?, 0x0?}, 0x3?)
	C:/src/gocluster/ft_confidence_runtime.go:494 +0x15b
main.(*outputPipeline).run(0xc004fbc008)
	C:/src/gocluster/output_pipeline.go:212 +0x1a8
main.processOutputSpots(_, _, _, _, _, _, _, _, _, 0xc00b5e7208, ...)
	C:/src/gocluster/main.go:1331 +0x294
created by main.(*clusterRuntime).startOutputPipeline in goroutine 1
	C:/src/gocluster/main_runtime.go:1017 +0x8ce
